{"meta": {"format": 3, "version": "7.12.0", "timestamp": "2025-11-24T03:41:01.937248", "branch_coverage": false, "show_contexts": false}, "files": {"app/cache.py": {"executed_lines": [1, 2, 3, 4, 6, 7, 9, 16, 22, 39, 62, 84], "summary": {"covered_lines": 12, "num_statements": 55, "percent_covered": 21.818181818181817, "percent_covered_display": "22", "missing_lines": 43, "excluded_lines": 0, "percent_statements_covered": 21.818181818181817, "percent_statements_covered_display": "22"}, "missing_lines": [12, 13, 14, 18, 20, 31, 32, 33, 34, 35, 36, 37, 49, 50, 51, 52, 53, 54, 56, 57, 58, 59, 60, 72, 73, 74, 75, 76, 77, 78, 79, 80, 81, 82, 91, 96, 97, 99, 100, 101, 102, 104, 105], "excluded_lines": [], "functions": {"get_redis": {"executed_lines": [], "summary": {"covered_lines": 0, "num_statements": 3, "percent_covered": 0.0, "percent_covered_display": "0", "missing_lines": 3, "excluded_lines": 0, "percent_statements_covered": 0.0, "percent_statements_covered_display": "0"}, "missing_lines": [12, 13, 14], "excluded_lines": []}, "search_key": {"executed_lines": [], "summary": {"covered_lines": 0, "num_statements": 2, "percent_covered": 0.0, "percent_covered_display": "0", "missing_lines": 2, "excluded_lines": 0, "percent_statements_covered": 0.0, "percent_statements_covered_display": "0"}, "missing_lines": [18, 20], "excluded_lines": []}, "set_cache": {"executed_lines": [], "summary": {"covered_lines": 0, "num_statements": 7, "percent_covered": 0.0, "percent_covered_display": "0", "missing_lines": 7, "excluded_lines": 0, "percent_statements_covered": 0.0, "percent_statements_covered_display": "0"}, "missing_lines": [31, 32, 33, 34, 35, 36, 37], "excluded_lines": []}, "get_cache": {"executed_lines": [], "summary": {"covered_lines": 0, "num_statements": 11, "percent_covered": 0.0, "percent_covered_display": "0", "missing_lines": 11, "excluded_lines": 0, "percent_statements_covered": 0.0, "percent_statements_covered_display": "0"}, "missing_lines": [49, 50, 51, 52, 53, 54, 56, 57, 58, 59, 60], "excluded_lines": []}, "delete_cache_pattern": {"executed_lines": [], "summary": {"covered_lines": 0, "num_statements": 11, "percent_covered": 0.0, "percent_covered_display": "0", "missing_lines": 11, "excluded_lines": 0, "percent_statements_covered": 0.0, "percent_statements_covered_display": "0"}, "missing_lines": [72, 73, 74, 75, 76, 77, 78, 79, 80, 81, 82], "excluded_lines": []}, "invalidate_product_cache": {"executed_lines": [], "summary": {"covered_lines": 0, "num_statements": 9, "percent_covered": 0.0, "percent_covered_display": "0", "missing_lines": 9, "excluded_lines": 0, "percent_statements_covered": 0.0, "percent_statements_covered_display": "0"}, "missing_lines": [91, 96, 97, 99, 100, 101, 102, 104, 105], "excluded_lines": []}, "": {"executed_lines": [1, 2, 3, 4, 6, 7, 9, 16, 22, 39, 62, 84], "summary": {"covered_lines": 12, "num_statements": 12, "percent_covered": 100.0, "percent_covered_display": "100", "missing_lines": 0, "excluded_lines": 0, "percent_statements_covered": 100.0, "percent_statements_covered_display": "100"}, "missing_lines": [], "excluded_lines": []}}, "classes": {"": {"executed_lines": [1, 2, 3, 4, 6, 7, 9, 16, 22, 39, 62, 84], "summary": {"covered_lines": 12, "num_statements": 55, "percent_covered": 21.818181818181817, "percent_covered_display": "22", "missing_lines": 43, "excluded_lines": 0, "percent_statements_covered": 21.818181818181817, "percent_statements_covered_display": "22"}, "missing_lines": [12, 13, 14, 18, 20, 31, 32, 33, 34, 35, 36, 37, 49, 50, 51, 52, 53, 54, 56, 57, 58, 59, 60, 72, 73, 74, 75, 76, 77, 78, 79, 80, 81, 82, 91, 96, 97, 99, 100, 101, 102, 104, 105], "excluded_lines": []}}}, "app/config.py": {"executed_lines": [19, 20, 22, 24, 28, 32, 33, 34, 36, 37, 38, 40], "summary": {"covered_lines": 12, "num_statements": 12, "percent_covered": 100.0, "percent_covered_display": "100", "missing_lines": 0, "excluded_lines": 0, "percent_statements_covered": 100.0, "percent_statements_covered_display": "100"}, "missing_lines": [], "excluded_lines": [], "functions": {"": {"executed_lines": [19, 20, 22, 24, 28, 32, 33, 34, 36, 37, 38, 40], "summary": {"covered_lines": 12, "num_statements": 12, "percent_covered": 100.0, "percent_covered_display": "100", "missing_lines": 0, "excluded_lines": 0, "percent_statements_covered": 100.0, "percent_statements_covered_display": "100"}, "missing_lines": [], "excluded_lines": []}}, "classes": {"Settings": {"executed_lines": [], "summary": {"covered_lines": 0, "num_statements": 0, "percent_covered": 100.0, "percent_covered_display": "100", "missing_lines": 0, "excluded_lines": 0, "percent_statements_covered": 100.0, "percent_statements_covered_display": "100"}, "missing_lines": [], "excluded_lines": []}, "Settings.Config": {"executed_lines": [], "summary": {"covered_lines": 0, "num_statements": 0, "percent_covered": 100.0, "percent_covered_display": "100", "missing_lines": 0, "excluded_lines": 0, "percent_statements_covered": 100.0, "percent_statements_covered_display": "100"}, "missing_lines": [], "excluded_lines": []}, "": {"executed_lines": [19, 20, 22, 24, 28, 32, 33, 34, 36, 37, 38, 40], "summary": {"covered_lines": 12, "num_statements": 12, "percent_covered": 100.0, "percent_covered_display": "100", "missing_lines": 0, "excluded_lines": 0, "percent_statements_covered": 100.0, "percent_statements_covered_display": "100"}, "missing_lines": [], "excluded_lines": []}}}, "app/db.py": {"executed_lines": [1, 2, 3, 5, 14, 15, 17], "summary": {"covered_lines": 7, "num_statements": 9, "percent_covered": 77.77777777777777, "percent_covered_display": "78", "missing_lines": 2, "excluded_lines": 0, "percent_statements_covered": 77.77777777777777, "percent_statements_covered_display": "78"}, "missing_lines": [18, 19], "excluded_lines": [], "functions": {"get_session": {"executed_lines": [], "summary": {"covered_lines": 0, "num_statements": 2, "percent_covered": 0.0, "percent_covered_display": "0", "missing_lines": 2, "excluded_lines": 0, "percent_statements_covered": 0.0, "percent_statements_covered_display": "0"}, "missing_lines": [18, 19], "excluded_lines": []}, "": {"executed_lines": [1, 2, 3, 5, 14, 15, 17], "summary": {"covered_lines": 7, "num_statements": 7, "percent_covered": 100.0, "percent_covered_display": "100", "missing_lines": 0, "excluded_lines": 0, "percent_statements_covered": 100.0, "percent_statements_covered_display": "100"}, "missing_lines": [], "excluded_lines": []}}, "classes": {"": {"executed_lines": [1, 2, 3, 5, 14, 15, 17], "summary": {"covered_lines": 7, "num_statements": 9, "percent_covered": 77.77777777777777, "percent_covered_display": "78", "missing_lines": 2, "excluded_lines": 0, "percent_statements_covered": 77.77777777777777, "percent_statements_covered_display": "78"}, "missing_lines": [18, 19], "excluded_lines": []}}}, "app/main.py": {"executed_lines": [1, 2, 3, 4, 5, 6, 7, 8, 9, 10, 12, 14, 20, 29, 30, 31, 40, 41, 42, 43, 44, 47, 48, 49, 50, 51, 52, 53, 54, 55, 56, 57, 58, 59, 60, 61, 62, 64, 65], "summary": {"covered_lines": 39, "num_statements": 41, "percent_covered": 95.1219512195122, "percent_covered_display": "95", "missing_lines": 2, "excluded_lines": 0, "percent_statements_covered": 95.1219512195122, "percent_statements_covered_display": "95"}, "missing_lines": [66, 67], "excluded_lines": [], "functions": {"health_check": {"executed_lines": [31], "summary": {"covered_lines": 1, "num_statements": 1, "percent_covered": 100.0, "percent_covered_display": "100", "missing_lines": 0, "excluded_lines": 0, "percent_statements_covered": 100.0, "percent_statements_covered_display": "100"}, "missing_lines": [], "excluded_lines": []}, "on_startup": {"executed_lines": [], "summary": {"covered_lines": 0, "num_statements": 2, "percent_covered": 0.0, "percent_covered_display": "0", "missing_lines": 2, "excluded_lines": 0, "percent_statements_covered": 0.0, "percent_statements_covered_display": "0"}, "missing_lines": [66, 67], "excluded_lines": []}, "": {"executed_lines": [1, 2, 3, 4, 5, 6, 7, 8, 9, 10, 12, 14, 20, 29, 30, 40, 41, 42, 43, 44, 47, 48, 49, 50, 51, 52, 53, 54, 55, 56, 57, 58, 59, 60, 61, 62, 64, 65], "summary": {"covered_lines": 38, "num_statements": 38, "percent_covered": 100.0, "percent_covered_display": "100", "missing_lines": 0, "excluded_lines": 0, "percent_statements_covered": 100.0, "percent_statements_covered_display": "100"}, "missing_lines": [], "excluded_lines": []}}, "classes": {"": {"executed_lines": [1, 2, 3, 4, 5, 6, 7, 8, 9, 10, 12, 14, 20, 29, 30, 31, 40, 41, 42, 43, 44, 47, 48, 49, 50, 51, 52, 53, 54, 55, 56, 57, 58, 59, 60, 61, 62, 64, 65], "summary": {"covered_lines": 39, "num_statements": 41, "percent_covered": 95.1219512195122, "percent_covered_display": "95", "missing_lines": 2, "excluded_lines": 0, "percent_statements_covered": 95.1219512195122, "percent_statements_covered_display": "95"}, "missing_lines": [66, 67], "excluded_lines": []}}}, "app/models/catalogo_model.py": {"executed_lines": [1, 2, 3, 4, 5, 6, 7, 9, 10, 14, 16, 17, 18, 19, 20, 21, 22, 23, 24, 25, 26, 27, 28, 29, 32, 33, 37, 39, 40, 41, 42, 43, 44, 45, 46, 47, 48, 49, 50, 51, 52, 53, 54, 57, 58, 59, 60, 61, 62, 63, 64, 65, 66, 69, 70, 71, 72, 75, 76, 77, 79, 80, 81, 82, 83, 84, 85, 86, 87, 88], "summary": {"covered_lines": 68, "num_statements": 68, "percent_covered": 100.0, "percent_covered_display": "100", "missing_lines": 0, "excluded_lines": 0, "percent_statements_covered": 100.0, "percent_statements_covered_display": "100"}, "missing_lines": [], "excluded_lines": [], "functions": {"": {"executed_lines": [1, 2, 3, 4, 5, 6, 7, 9, 10, 14, 16, 17, 18, 19, 20, 21, 22, 23, 24, 25, 26, 27, 28, 29, 32, 33, 37, 39, 40, 41, 42, 43, 44, 45, 46, 47, 48, 49, 50, 51, 52, 53, 54, 57, 58, 59, 60, 61, 62, 63, 64, 65, 66, 69, 70, 71, 72, 75, 76, 77, 79, 80, 81, 82, 83, 84, 85, 86, 87, 88], "summary": {"covered_lines": 68, "num_statements": 68, "percent_covered": 100.0, "percent_covered_display": "100", "missing_lines": 0, "excluded_lines": 0, "percent_statements_covered": 100.0, "percent_statements_covered_display": "100"}, "missing_lines": [], "excluded_lines": []}}, "classes": {"Proveedor": {"executed_lines": [], "summary": {"covered_lines": 0, "num_statements": 0, "percent_covered": 100.0, "percent_covered_display": "100", "missing_lines": 0, "excluded_lines": 0, "percent_statements_covered": 100.0, "percent_statements_covered_display": "100"}, "missing_lines": [], "excluded_lines": []}, "Bodega": {"executed_lines": [], "summary": {"covered_lines": 0, "num_statements": 0, "percent_covered": 100.0, "percent_covered_display": "100", "missing_lines": 0, "excluded_lines": 0, "percent_statements_covered": 100.0, "percent_statements_covered_display": "100"}, "missing_lines": [], "excluded_lines": []}, "Producto": {"executed_lines": [], "summary": {"covered_lines": 0, "num_statements": 0, "percent_covered": 100.0, "percent_covered_display": "100", "missing_lines": 0, "excluded_lines": 0, "percent_statements_covered": 100.0, "percent_statements_covered_display": "100"}, "missing_lines": [], "excluded_lines": []}, "Inventario": {"executed_lines": [], "summary": {"covered_lines": 0, "num_statements": 0, "percent_covered": 100.0, "percent_covered_display": "100", "missing_lines": 0, "excluded_lines": 0, "percent_statements_covered": 100.0, "percent_statements_covered_display": "100"}, "missing_lines": [], "excluded_lines": []}, "": {"executed_lines": [1, 2, 3, 4, 5, 6, 7, 9, 10, 14, 16, 17, 18, 19, 20, 21, 22, 23, 24, 25, 26, 27, 28, 29, 32, 33, 37, 39, 40, 41, 42, 43, 44, 45, 46, 47, 48, 49, 50, 51, 52, 53, 54, 57, 58, 59, 60, 61, 62, 63, 64, 65, 66, 69, 70, 71, 72, 75, 76, 77, 79, 80, 81, 82, 83, 84, 85, 86, 87, 88], "summary": {"covered_lines": 68, "num_statements": 68, "percent_covered": 100.0, "percent_covered_display": "100", "missing_lines": 0, "excluded_lines": 0, "percent_statements_covered": 100.0, "percent_statements_covered_display": "100"}, "missing_lines": [], "excluded_lines": []}}}, "app/models/movimiento_model.py": {"executed_lines": [1, 9, 10, 11, 12, 13, 16, 17, 28, 31, 34, 40, 46, 47, 50, 51, 54, 55, 58, 59, 62, 63, 64, 67, 75, 81, 82, 83, 86, 93, 109, 121, 122, 133, 136, 139, 145, 151, 154, 155, 158, 159, 160, 163, 164, 165, 168, 176, 187], "summary": {"covered_lines": 44, "num_statements": 44, "percent_covered": 100.0, "percent_covered_display": "100", "missing_lines": 0, "excluded_lines": 19, "percent_statements_covered": 100.0, "percent_statements_covered_display": "100"}, "missing_lines": [], "excluded_lines": [109, 110, 111, 112, 113, 114, 115, 116, 117, 118, 187, 188, 189, 190, 191, 192, 193, 194, 195], "functions": {"MovimientoInventario.__repr__": {"executed_lines": [], "summary": {"covered_lines": 0, "num_statements": 0, "percent_covered": 100.0, "percent_covered_display": "100", "missing_lines": 0, "excluded_lines": 9, "percent_statements_covered": 100.0, "percent_statements_covered_display": "100"}, "missing_lines": [], "excluded_lines": [110, 111, 112, 113, 114, 115, 116, 117, 118]}, "AlertaInventario.__repr__": {"executed_lines": [], "summary": {"covered_lines": 0, "num_statements": 0, "percent_covered": 100.0, "percent_covered_display": "100", "missing_lines": 0, "excluded_lines": 8, "percent_statements_covered": 100.0, "percent_statements_covered_display": "100"}, "missing_lines": [], "excluded_lines": [188, 189, 190, 191, 192, 193, 194, 195]}, "": {"executed_lines": [1, 9, 10, 11, 12, 13, 16, 17, 28, 31, 34, 40, 46, 47, 50, 51, 54, 55, 58, 59, 62, 63, 64, 67, 75, 81, 82, 83, 86, 93, 109, 121, 122, 133, 136, 139, 145, 151, 154, 155, 158, 159, 160, 163, 164, 165, 168, 176, 187], "summary": {"covered_lines": 44, "num_statements": 44, "percent_covered": 100.0, "percent_covered_display": "100", "missing_lines": 0, "excluded_lines": 2, "percent_statements_covered": 100.0, "percent_statements_covered_display": "100"}, "missing_lines": [], "excluded_lines": [109, 187]}}, "classes": {"MovimientoInventario": {"executed_lines": [], "summary": {"covered_lines": 0, "num_statements": 0, "percent_covered": 100.0, "percent_covered_display": "100", "missing_lines": 0, "excluded_lines": 9, "percent_statements_covered": 100.0, "percent_statements_covered_display": "100"}, "missing_lines": [], "excluded_lines": [110, 111, 112, 113, 114, 115, 116, 117, 118]}, "AlertaInventario": {"executed_lines": [], "summary": {"covered_lines": 0, "num_statements": 0, "percent_covered": 100.0, "percent_covered_display": "100", "missing_lines": 0, "excluded_lines": 8, "percent_statements_covered": 100.0, "percent_statements_covered_display": "100"}, "missing_lines": [], "excluded_lines": [188, 189, 190, 191, 192, 193, 194, 195]}, "": {"executed_lines": [1, 9, 10, 11, 12, 13, 16, 17, 28, 31, 34, 40, 46, 47, 50, 51, 54, 55, 58, 59, 62, 63, 64, 67, 75, 81, 82, 83, 86, 93, 109, 121, 122, 133, 136, 139, 145, 151, 154, 155, 158, 159, 160, 163, 164, 165, 168, 176, 187], "summary": {"covered_lines": 44, "num_statements": 44, "percent_covered": 100.0, "percent_covered_display": "100", "missing_lines": 0, "excluded_lines": 2, "percent_statements_covered": 100.0, "percent_statements_covered_display": "100"}, "missing_lines": [], "excluded_lines": [109, 187]}}}, "app/repositories/__init__.py": {"executed_lines": [0], "summary": {"covered_lines": 0, "num_statements": 0, "percent_covered": 100.0, "percent_covered_display": "100", "missing_lines": 0, "excluded_lines": 0, "percent_statements_covered": 100.0, "percent_statements_covered_display": "100"}, "missing_lines": [], "excluded_lines": [], "functions": {"": {"executed_lines": [], "summary": {"covered_lines": 0, "num_statements": 0, "percent_covered": 100.0, "percent_covered_display": "100", "missing_lines": 0, "excluded_lines": 0, "percent_statements_covered": 100.0, "percent_statements_covered_display": "100"}, "missing_lines": [], "excluded_lines": []}}, "classes": {"": {"executed_lines": [], "summary": {"covered_lines": 0, "num_statements": 0, "percent_covered": 100.0, "percent_covered_display": "100", "missing_lines": 0, "excluded_lines": 0, "percent_statements_covered": 100.0, "percent_statements_covered_display": "100"}, "missing_lines": [], "excluded_lines": []}}}, "app/repositories/catalog_repo.py": {"executed_lines": [1, 2, 3, 4, 5, 7, 122], "summary": {"covered_lines": 7, "num_statements": 54, "percent_covered": 12.962962962962964, "percent_covered_display": "13", "missing_lines": 47, "excluded_lines": 0, "percent_statements_covered": 12.962962962962964, "percent_statements_covered_display": "13"}, "missing_lines": [12, 13, 14, 15, 16, 17, 18, 21, 22, 23, 24, 25, 26, 27, 29, 32, 33, 35, 37, 40, 41, 42, 46, 52, 53, 54, 55, 57, 58, 61, 77, 78, 79, 80, 82, 95, 98, 101, 102, 109, 110, 111, 120, 123, 124, 125, 127], "excluded_lines": [], "functions": {"buscar_productos": {"executed_lines": [], "summary": {"covered_lines": 0, "num_statements": 43, "percent_covered": 0.0, "percent_covered_display": "0", "missing_lines": 43, "excluded_lines": 0, "percent_statements_covered": 0.0, "percent_statements_covered_display": "0"}, "missing_lines": [12, 13, 14, 15, 16, 17, 18, 21, 22, 23, 24, 25, 26, 27, 29, 32, 33, 35, 37, 40, 41, 42, 46, 52, 53, 54, 55, 57, 58, 61, 77, 78, 79, 80, 82, 95, 98, 101, 102, 109, 110, 111, 120], "excluded_lines": []}, "detalle_inventario": {"executed_lines": [], "summary": {"covered_lines": 0, "num_statements": 4, "percent_covered": 0.0, "percent_covered_display": "0", "missing_lines": 4, "excluded_lines": 0, "percent_statements_covered": 0.0, "percent_statements_covered_display": "0"}, "missing_lines": [123, 124, 125, 127], "excluded_lines": []}, "": {"executed_lines": [1, 2, 3, 4, 5, 7, 122], "summary": {"covered_lines": 7, "num_statements": 7, "percent_covered": 100.0, "percent_covered_display": "100", "missing_lines": 0, "excluded_lines": 0, "percent_statements_covered": 100.0, "percent_statements_covered_display": "100"}, "missing_lines": [], "excluded_lines": []}}, "classes": {"": {"executed_lines": [1, 2, 3, 4, 5, 7, 122], "summary": {"covered_lines": 7, "num_statements": 54, "percent_covered": 12.962962962962964, "percent_covered_display": "13", "missing_lines": 47, "excluded_lines": 0, "percent_statements_covered": 12.962962962962964, "percent_statements_covered_display": "13"}, "missing_lines": [12, 13, 14, 15, 16, 17, 18, 21, 22, 23, 24, 25, 26, 27, 29, 32, 33, 35, 37, 40, 41, 42, 46, 52, 53, 54, 55, 57, 58, 61, 77, 78, 79, 80, 82, 95, 98, 101, 102, 109, 110, 111, 120, 123, 124, 125, 127], "excluded_lines": []}}}, "app/routes/__init__.py": {"executed_lines": [0], "summary": {"covered_lines": 0, "num_statements": 0, "percent_covered": 100.0, "percent_covered_display": "100", "missing_lines": 0, "excluded_lines": 0, "percent_statements_covered": 100.0, "percent_statements_covered_display": "100"}, "missing_lines": [], "excluded_lines": [], "functions": {"": {"executed_lines": [], "summary": {"covered_lines": 0, "num_statements": 0, "percent_covered": 100.0, "percent_covered_display": "100", "missing_lines": 0, "excluded_lines": 0, "percent_statements_covered": 100.0, "percent_statements_covered_display": "100"}, "missing_lines": [], "excluded_lines": []}}, "classes": {"": {"executed_lines": [], "summary": {"covered_lines": 0, "num_statements": 0, "percent_covered": 100.0, "percent_covered_display": "100", "missing_lines": 0, "excluded_lines": 0, "percent_statements_covered": 100.0, "percent_statements_covered_display": "100"}, "missing_lines": [], "excluded_lines": []}}}, "app/routes/bodega.py": {"executed_lines": [1, 9, 10, 11, 12, 13, 14, 15, 16, 17, 19, 21, 24, 25, 26, 124, 125, 126, 155, 156, 158, 160, 161, 164, 165, 166, 167, 169, 170, 171, 173, 174, 204, 205, 206], "summary": {"covered_lines": 34, "num_statements": 65, "percent_covered": 52.30769230769231, "percent_covered_display": "52", "missing_lines": 31, "excluded_lines": 0, "percent_statements_covered": 52.30769230769231, "percent_statements_covered_display": "52"}, "missing_lines": [57, 59, 61, 62, 65, 69, 70, 80, 81, 84, 101, 102, 103, 105, 107, 109, 110, 111, 112, 113, 114, 175, 176, 179, 182, 183, 186, 187, 190, 192, 194], "excluded_lines": [], "functions": {"crear_bodega": {"executed_lines": [], "summary": {"covered_lines": 0, "num_statements": 21, "percent_covered": 0.0, "percent_covered_display": "0", "missing_lines": 21, "excluded_lines": 0, "percent_statements_covered": 0.0, "percent_statements_covered_display": "0"}, "missing_lines": [57, 59, 61, 62, 65, 69, 70, 80, 81, 84, 101, 102, 103, 105, 107, 109, 110, 111, 112, 113, 114], "excluded_lines": []}, "listar_bodegas": {"executed_lines": [155, 156, 158, 160, 161, 164, 165, 166, 167, 169, 170, 171, 173, 174, 204, 205, 206], "summary": {"covered_lines": 17, "num_statements": 27, "percent_covered": 62.96296296296296, "percent_covered_display": "63", "missing_lines": 10, "excluded_lines": 0, "percent_statements_covered": 62.96296296296296, "percent_statements_covered_display": "63"}, "missing_lines": [175, 176, 179, 182, 183, 186, 187, 190, 192, 194], "excluded_lines": []}, "": {"executed_lines": [1, 9, 10, 11, 12, 13, 14, 15, 16, 17, 19, 21, 24, 25, 26, 124, 125, 126], "summary": {"covered_lines": 17, "num_statements": 17, "percent_covered": 100.0, "percent_covered_display": "100", "missing_lines": 0, "excluded_lines": 0, "percent_statements_covered": 100.0, "percent_statements_covered_display": "100"}, "missing_lines": [], "excluded_lines": []}}, "classes": {"": {"executed_lines": [1, 9, 10, 11, 12, 13, 14, 15, 16, 17, 19, 21, 24, 25, 26, 124, 125, 126, 155, 156, 158, 160, 161, 164, 165, 166, 167, 169, 170, 171, 173, 174, 204, 205, 206], "summary": {"covered_lines": 34, "num_statements": 65, "percent_covered": 52.30769230769231, "percent_covered_display": "52", "missing_lines": 31, "excluded_lines": 0, "percent_statements_covered": 52.30769230769231, "percent_statements_covered_display": "52"}, "missing_lines": [57, 59, 61, 62, 65, 69, 70, 80, 81, 84, 101, 102, 103, 105, 107, 109, 110, 111, 112, 113, 114, 175, 176, 179, 182, 183, 186, 187, 190, 192, 194], "excluded_lines": []}}}, "app/routes/catalog.py": {"executed_lines": [1, 2, 3, 4, 5, 6, 7, 8, 9, 11, 12, 14, 15, 95, 96, 113, 114, 122, 123, 303, 304, 360, 361, 389, 390, 507, 508], "summary": {"covered_lines": 27, "num_statements": 168, "percent_covered": 16.071428571428573, "percent_covered_display": "16", "missing_lines": 141, "excluded_lines": 0, "percent_statements_covered": 16.071428571428573, "percent_statements_covered_display": "16"}, "missing_lines": [31, 33, 36, 49, 50, 52, 53, 55, 70, 71, 77, 79, 81, 83, 85, 98, 99, 100, 101, 102, 103, 115, 116, 120, 142, 143, 145, 147, 149, 153, 154, 160, 161, 162, 163, 164, 165, 176, 193, 194, 196, 197, 198, 199, 200, 201, 211, 212, 213, 214, 215, 217, 219, 221, 225, 226, 227, 228, 230, 231, 232, 233, 236, 239, 248, 249, 250, 251, 254, 257, 267, 268, 270, 273, 274, 276, 277, 278, 279, 280, 281, 283, 298, 299, 301, 308, 311, 315, 316, 322, 324, 326, 327, 328, 329, 330, 331, 332, 333, 334, 335, 336, 337, 338, 340, 343, 346, 348, 350, 365, 368, 372, 373, 379, 382, 384, 386, 442, 443, 444, 446, 449, 450, 455, 457, 460, 463, 470, 478, 486, 488, 497, 498, 499, 500, 501, 518, 520, 522, 523, 528], "excluded_lines": [], "functions": {"list_items": {"executed_lines": [], "summary": {"covered_lines": 0, "num_statements": 15, "percent_covered": 0.0, "percent_covered_display": "0", "missing_lines": 15, "excluded_lines": 0, "percent_statements_covered": 0.0, "percent_statements_covered_display": "0"}, "missing_lines": [31, 33, 36, 49, 50, 52, 53, 55, 70, 71, 77, 79, 81, 83, 85], "excluded_lines": []}, "get_product": {"executed_lines": [], "summary": {"covered_lines": 0, "num_statements": 6, "percent_covered": 0.0, "percent_covered_display": "0", "missing_lines": 6, "excluded_lines": 0, "percent_statements_covered": 0.0, "percent_statements_covered_display": "0"}, "missing_lines": [98, 99, 100, 101, 102, 103], "excluded_lines": []}, "get_inventory": {"executed_lines": [], "summary": {"covered_lines": 0, "num_statements": 3, "percent_covered": 0.0, "percent_covered_display": "0", "missing_lines": 3, "excluded_lines": 0, "percent_statements_covered": 0.0, "percent_statements_covered_display": "0"}, "missing_lines": [115, 116, 120], "excluded_lines": []}, "create_product": {"executed_lines": [], "summary": {"covered_lines": 0, "num_statements": 61, "percent_covered": 0.0, "percent_covered_display": "0", "missing_lines": 61, "excluded_lines": 0, "percent_statements_covered": 0.0, "percent_statements_covered_display": "0"}, "missing_lines": [142, 143, 145, 147, 149, 153, 154, 160, 161, 162, 163, 164, 165, 176, 193, 194, 196, 197, 198, 199, 200, 201, 211, 212, 213, 214, 215, 217, 219, 221, 225, 226, 227, 228, 230, 231, 232, 233, 236, 239, 248, 249, 250, 251, 254, 257, 267, 268, 270, 273, 274, 276, 277, 278, 279, 280, 281, 283, 298, 299, 301], "excluded_lines": []}, "update_product": {"executed_lines": [], "summary": {"covered_lines": 0, "num_statements": 24, "percent_covered": 0.0, "percent_covered_display": "0", "missing_lines": 24, "excluded_lines": 0, "percent_statements_covered": 0.0, "percent_statements_covered_display": "0"}, "missing_lines": [308, 311, 315, 316, 322, 324, 326, 327, 328, 329, 330, 331, 332, 333, 334, 335, 336, 337, 338, 340, 343, 346, 348, 350], "excluded_lines": []}, "delete_product": {"executed_lines": [], "summary": {"covered_lines": 0, "num_statements": 8, "percent_covered": 0.0, "percent_covered_display": "0", "missing_lines": 8, "excluded_lines": 0, "percent_statements_covered": 0.0, "percent_statements_covered_display": "0"}, "missing_lines": [365, 368, 372, 373, 379, 382, 384, 386], "excluded_lines": []}, "bulk_upload_products": {"executed_lines": [], "summary": {"covered_lines": 0, "num_statements": 19, "percent_covered": 0.0, "percent_covered_display": "0", "missing_lines": 19, "excluded_lines": 0, "percent_statements_covered": 0.0, "percent_statements_covered_display": "0"}, "missing_lines": [442, 443, 444, 446, 449, 450, 455, 457, 460, 463, 470, 478, 486, 488, 497, 498, 499, 500, 501], "excluded_lines": []}, "get_bulk_upload_status": {"executed_lines": [], "summary": {"covered_lines": 0, "num_statements": 5, "percent_covered": 0.0, "percent_covered_display": "0", "missing_lines": 5, "excluded_lines": 0, "percent_statements_covered": 0.0, "percent_statements_covered_display": "0"}, "missing_lines": [518, 520, 522, 523, 528], "excluded_lines": []}, "": {"executed_lines": [1, 2, 3, 4, 5, 6, 7, 8, 9, 11, 12, 14, 15, 95, 96, 113, 114, 122, 123, 303, 304, 360, 361, 389, 390, 507, 508], "summary": {"covered_lines": 27, "num_statements": 27, "percent_covered": 100.0, "percent_covered_display": "100", "missing_lines": 0, "excluded_lines": 0, "percent_statements_covered": 100.0, "percent_statements_covered_display": "100"}, "missing_lines": [], "excluded_lines": []}}, "classes": {"": {"executed_lines": [1, 2, 3, 4, 5, 6, 7, 8, 9, 11, 12, 14, 15, 95, 96, 113, 114, 122, 123, 303, 304, 360, 361, 389, 390, 507, 508], "summary": {"covered_lines": 27, "num_statements": 168, "percent_covered": 16.071428571428573, "percent_covered_display": "16", "missing_lines": 141, "excluded_lines": 0, "percent_statements_covered": 16.071428571428573, "percent_statements_covered_display": "16"}, "missing_lines": [31, 33, 36, 49, 50, 52, 53, 55, 70, 71, 77, 79, 81, 83, 85, 98, 99, 100, 101, 102, 103, 115, 116, 120, 142, 143, 145, 147, 149, 153, 154, 160, 161, 162, 163, 164, 165, 176, 193, 194, 196, 197, 198, 199, 200, 201, 211, 212, 213, 214, 215, 217, 219, 221, 225, 226, 227, 228, 230, 231, 232, 233, 236, 239, 248, 249, 250, 251, 254, 257, 267, 268, 270, 273, 274, 276, 277, 278, 279, 280, 281, 283, 298, 299, 301, 308, 311, 315, 316, 322, 324, 326, 327, 328, 329, 330, 331, 332, 333, 334, 335, 336, 337, 338, 340, 343, 346, 348, 350, 365, 368, 372, 373, 379, 382, 384, 386, 442, 443, 444, 446, 449, 450, 455, 457, 460, 463, 470, 478, 486, 488, 497, 498, 499, 500, 501, 518, 520, 522, 523, 528], "excluded_lines": []}}}, "app/routes/inventario.py": {"executed_lines": [1, 13, 14, 15, 16, 17, 19, 20, 26, 27, 28, 30, 32, 33, 36, 37, 100, 101, 157, 158, 289, 290, 344, 345, 449, 450, 460, 461, 465, 471, 472, 473, 475, 478, 479, 614, 615], "summary": {"covered_lines": 36, "num_statements": 197, "percent_covered": 18.274111675126903, "percent_covered_display": "18", "missing_lines": 161, "excluded_lines": 0, "percent_statements_covered": 18.274111675126903, "percent_statements_covered_display": "18"}, "missing_lines": [67, 68, 69, 72, 73, 75, 77, 79, 80, 82, 84, 86, 87, 88, 89, 90, 126, 127, 128, 132, 133, 135, 143, 144, 145, 146, 147, 194, 195, 198, 207, 209, 210, 212, 213, 215, 216, 218, 219, 221, 222, 224, 225, 227, 228, 230, 231, 233, 234, 236, 237, 239, 240, 243, 244, 245, 247, 250, 251, 254, 255, 258, 279, 281, 283, 319, 320, 321, 325, 327, 329, 331, 332, 333, 334, 335, 372, 373, 376, 385, 387, 388, 390, 391, 393, 394, 396, 397, 399, 400, 402, 403, 406, 407, 408, 410, 413, 414, 417, 418, 421, 439, 441, 443, 466, 509, 510, 512, 515, 535, 536, 538, 539, 542, 545, 552, 553, 555, 556, 558, 561, 564, 565, 568, 569, 571, 572, 573, 574, 576, 578, 594, 596, 598, 600, 637, 638, 641, 642, 644, 645, 646, 648, 649, 650, 652, 653, 654, 656, 657, 658, 660, 663, 675, 678, 683, 687, 690, 707, 709, 711], "excluded_lines": [], "functions": {"registrar_movimiento_inventario": {"executed_lines": [], "summary": {"covered_lines": 0, "num_statements": 16, "percent_covered": 0.0, "percent_covered_display": "0", "missing_lines": 16, "excluded_lines": 0, "percent_statements_covered": 0.0, "percent_statements_covered_display": "0"}, "missing_lines": [67, 68, 69, 72, 73, 75, 77, 79, 80, 82, 84, 86, 87, 88, 89, 90], "excluded_lines": []}, "registrar_transferencia": {"executed_lines": [], "summary": {"covered_lines": 0, "num_statements": 11, "percent_covered": 0.0, "percent_covered_display": "0", "missing_lines": 11, "excluded_lines": 0, "percent_statements_covered": 0.0, "percent_statements_covered_display": "0"}, "missing_lines": [126, 127, 128, 132, 133, 135, 143, 144, 145, 146, 147], "excluded_lines": []}, "consultar_kardex": {"executed_lines": [], "summary": {"covered_lines": 0, "num_statements": 38, "percent_covered": 0.0, "percent_covered_display": "0", "missing_lines": 38, "excluded_lines": 0, "percent_statements_covered": 0.0, "percent_statements_covered_display": "0"}, "missing_lines": [194, 195, 198, 207, 209, 210, 212, 213, 215, 216, 218, 219, 221, 222, 224, 225, 227, 228, 230, 231, 233, 234, 236, 237, 239, 240, 243, 244, 245, 247, 250, 251, 254, 255, 258, 279, 281, 283], "excluded_lines": []}, "anular_movimiento": {"executed_lines": [], "summary": {"covered_lines": 0, "num_statements": 11, "percent_covered": 0.0, "percent_covered_display": "0", "missing_lines": 11, "excluded_lines": 0, "percent_statements_covered": 0.0, "percent_statements_covered_display": "0"}, "missing_lines": [319, 320, 321, 325, 327, 329, 331, 332, 333, 334, 335], "excluded_lines": []}, "obtener_alertas": {"executed_lines": [], "summary": {"covered_lines": 0, "num_statements": 28, "percent_covered": 0.0, "percent_covered_display": "0", "missing_lines": 28, "excluded_lines": 0, "percent_statements_covered": 0.0, "percent_statements_covered_display": "0"}, "missing_lines": [372, 373, 376, 385, 387, 388, 390, 391, 393, 394, 396, 397, 399, 400, 402, 403, 406, 407, 408, 410, 413, 414, 417, 418, 421, 439, 441, 443], "excluded_lines": []}, "marcar_alerta_leida": {"executed_lines": [460, 461, 465, 471, 472, 473, 475], "summary": {"covered_lines": 7, "num_statements": 8, "percent_covered": 87.5, "percent_covered_display": "88", "missing_lines": 1, "excluded_lines": 0, "percent_statements_covered": 87.5, "percent_statements_covered_display": "88"}, "missing_lines": [466], "excluded_lines": []}, "listar_productos_en_bodega": {"executed_lines": [], "summary": {"covered_lines": 0, "num_statements": 30, "percent_covered": 0.0, "percent_covered_display": "0", "missing_lines": 30, "excluded_lines": 0, "percent_statements_covered": 0.0, "percent_statements_covered_display": "0"}, "missing_lines": [509, 510, 512, 515, 535, 536, 538, 539, 542, 545, 552, 553, 555, 556, 558, 561, 564, 565, 568, 569, 571, 572, 573, 574, 576, 578, 594, 596, 598, 600], "excluded_lines": []}, "reporte_saldos": {"executed_lines": [], "summary": {"covered_lines": 0, "num_statements": 26, "percent_covered": 0.0, "percent_covered_display": "0", "missing_lines": 26, "excluded_lines": 0, "percent_statements_covered": 0.0, "percent_statements_covered_display": "0"}, "missing_lines": [637, 638, 641, 642, 644, 645, 646, 648, 649, 650, 652, 653, 654, 656, 657, 658, 660, 663, 675, 678, 683, 687, 690, 707, 709, 711], "excluded_lines": []}, "": {"executed_lines": [1, 13, 14, 15, 16, 17, 19, 20, 26, 27, 28, 30, 32, 33, 36, 37, 100, 101, 157, 158, 289, 290, 344, 345, 449, 450, 478, 479, 614, 615], "summary": {"covered_lines": 29, "num_statements": 29, "percent_covered": 100.0, "percent_covered_display": "100", "missing_lines": 0, "excluded_lines": 0, "percent_statements_covered": 100.0, "percent_statements_covered_display": "100"}, "missing_lines": [], "excluded_lines": []}}, "classes": {"": {"executed_lines": [1, 13, 14, 15, 16, 17, 19, 20, 26, 27, 28, 30, 32, 33, 36, 37, 100, 101, 157, 158, 289, 290, 344, 345, 449, 450, 460, 461, 465, 471, 472, 473, 475, 478, 479, 614, 615], "summary": {"covered_lines": 36, "num_statements": 197, "percent_covered": 18.274111675126903, "percent_covered_display": "18", "missing_lines": 161, "excluded_lines": 0, "percent_statements_covered": 18.274111675126903, "percent_statements_covered_display": "18"}, "missing_lines": [67, 68, 69, 72, 73, 75, 77, 79, 80, 82, 84, 86, 87, 88, 89, 90, 126, 127, 128, 132, 133, 135, 143, 144, 145, 146, 147, 194, 195, 198, 207, 209, 210, 212, 213, 215, 216, 218, 219, 221, 222, 224, 225, 227, 228, 230, 231, 233, 234, 236, 237, 239, 240, 243, 244, 245, 247, 250, 251, 254, 255, 258, 279, 281, 283, 319, 320, 321, 325, 327, 329, 331, 332, 333, 334, 335, 372, 373, 376, 385, 387, 388, 390, 391, 393, 394, 396, 397, 399, 400, 402, 403, 406, 407, 408, 410, 413, 414, 417, 418, 421, 439, 441, 443, 466, 509, 510, 512, 515, 535, 536, 538, 539, 542, 545, 552, 553, 555, 556, 558, 561, 564, 565, 568, 569, 571, 572, 573, 574, 576, 578, 594, 596, 598, 600, 637, 638, 641, 642, 644, 645, 646, 648, 649, 650, 652, 653, 654, 656, 657, 658, 660, 663, 675, 678, 683, 687, 690, 707, 709, 711], "excluded_lines": []}}}, "app/routes/proveedor.py": {"executed_lines": [1, 5, 6, 7, 8, 9, 10, 17, 18, 19, 20, 22, 23, 26, 27, 123, 124, 213, 214, 226, 228, 230, 240, 244, 245, 253, 256, 257, 340, 341, 383, 384, 445, 446], "summary": {"covered_lines": 33, "num_statements": 239, "percent_covered": 13.807531380753138, "percent_covered_display": "14", "missing_lines": 206, "excluded_lines": 0, "percent_statements_covered": 13.807531380753138, "percent_statements_covered_display": "14"}, "missing_lines": [51, 52, 54, 56, 60, 61, 71, 75, 76, 86, 100, 101, 102, 104, 105, 107, 109, 110, 111, 112, 113, 144, 145, 147, 149, 152, 153, 160, 161, 163, 164, 167, 168, 169, 175, 176, 177, 178, 180, 183, 184, 185, 186, 188, 191, 194, 195, 197, 198, 200, 205, 206, 207, 231, 232, 271, 272, 274, 276, 277, 278, 283, 285, 289, 290, 296, 297, 300, 301, 307, 308, 311, 312, 318, 319, 320, 322, 323, 325, 326, 328, 330, 331, 332, 333, 334, 355, 357, 358, 359, 360, 365, 369, 370, 375, 376, 378, 380, 396, 398, 400, 401, 402, 403, 409, 413, 414, 420, 424, 463, 464, 465, 467, 468, 471, 472, 477, 478, 479, 487, 489, 491, 492, 494, 496, 499, 506, 507, 508, 509, 510, 511, 512, 513, 514, 515, 524, 527, 528, 538, 539, 541, 543, 544, 548, 549, 550, 552, 553, 557, 558, 559, 561, 562, 566, 567, 568, 570, 571, 572, 575, 579, 580, 582, 583, 584, 585, 586, 587, 589, 590, 591, 592, 594, 596, 598, 602, 603, 604, 607, 619, 620, 621, 622, 624, 626, 627, 629, 630, 631, 633, 634, 635, 639, 640, 641, 642, 644, 645, 647, 649, 666, 667, 671, 672, 673], "excluded_lines": [], "functions": {"crear_proveedor": {"executed_lines": [], "summary": {"covered_lines": 0, "num_statements": 21, "percent_covered": 0.0, "percent_covered_display": "0", "missing_lines": 21, "excluded_lines": 0, "percent_statements_covered": 0.0, "percent_statements_covered_display": "0"}, "missing_lines": [51, 52, 54, 56, 60, 61, 71, 75, 76, 86, 100, 101, 102, 104, 105, 107, 109, 110, 111, 112, 113], "excluded_lines": []}, "listar_proveedores": {"executed_lines": [], "summary": {"covered_lines": 0, "num_statements": 32, "percent_covered": 0.0, "percent_covered_display": "0", "missing_lines": 32, "excluded_lines": 0, "percent_statements_covered": 0.0, "percent_statements_covered_display": "0"}, "missing_lines": [144, 145, 147, 149, 152, 153, 160, 161, 163, 164, 167, 168, 169, 175, 176, 177, 178, 180, 183, 184, 185, 186, 188, 191, 194, 195, 197, 198, 200, 205, 206, 207], "excluded_lines": []}, "obtener_proveedor": {"executed_lines": [226, 228, 230, 240, 244, 245, 253], "summary": {"covered_lines": 7, "num_statements": 9, "percent_covered": 77.77777777777777, "percent_covered_display": "78", "missing_lines": 2, "excluded_lines": 0, "percent_statements_covered": 77.77777777777777, "percent_statements_covered_display": "78"}, "missing_lines": [231, 232], "excluded_lines": []}, "actualizar_proveedor": {"executed_lines": [], "summary": {"covered_lines": 0, "num_statements": 31, "percent_covered": 0.0, "percent_covered_display": "0", "missing_lines": 31, "excluded_lines": 0, "percent_statements_covered": 0.0, "percent_statements_covered_display": "0"}, "missing_lines": [271, 272, 274, 276, 277, 278, 283, 285, 289, 290, 296, 297, 300, 301, 307, 308, 311, 312, 318, 319, 320, 322, 323, 325, 326, 328, 330, 331, 332, 333, 334], "excluded_lines": []}, "desactivar_proveedor": {"executed_lines": [], "summary": {"covered_lines": 0, "num_statements": 12, "percent_covered": 0.0, "percent_covered_display": "0", "missing_lines": 12, "excluded_lines": 0, "percent_statements_covered": 0.0, "percent_statements_covered_display": "0"}, "missing_lines": [355, 357, 358, 359, 360, 365, 369, 370, 375, 376, 378, 380], "excluded_lines": []}, "obtener_productos_proveedor": {"executed_lines": [], "summary": {"covered_lines": 0, "num_statements": 11, "percent_covered": 0.0, "percent_covered_display": "0", "missing_lines": 11, "excluded_lines": 0, "percent_statements_covered": 0.0, "percent_statements_covered_display": "0"}, "missing_lines": [396, 398, 400, 401, 402, 403, 409, 413, 414, 420, 424], "excluded_lines": []}, "bulk_upload_proveedores": {"executed_lines": [], "summary": {"covered_lines": 0, "num_statements": 97, "percent_covered": 0.0, "percent_covered_display": "0", "missing_lines": 97, "excluded_lines": 0, "percent_statements_covered": 0.0, "percent_statements_covered_display": "0"}, "missing_lines": [463, 464, 465, 467, 468, 471, 472, 477, 478, 479, 487, 489, 491, 492, 494, 496, 499, 506, 507, 508, 509, 510, 511, 512, 513, 514, 515, 524, 527, 528, 538, 539, 541, 543, 544, 548, 549, 550, 552, 553, 557, 558, 559, 561, 562, 566, 567, 568, 570, 571, 572, 575, 579, 580, 582, 583, 584, 585, 586, 587, 589, 590, 591, 592, 594, 596, 598, 602, 603, 604, 607, 619, 620, 621, 622, 624, 626, 627, 629, 630, 631, 633, 634, 635, 639, 640, 641, 642, 644, 645, 647, 649, 666, 667, 671, 672, 673], "excluded_lines": []}, "": {"executed_lines": [1, 5, 6, 7, 8, 9, 10, 17, 18, 19, 20, 22, 23, 26, 27, 123, 124, 213, 214, 256, 257, 340, 341, 383, 384, 445, 446], "summary": {"covered_lines": 26, "num_statements": 26, "percent_covered": 100.0, "percent_covered_display": "100", "missing_lines": 0, "excluded_lines": 0, "percent_statements_covered": 100.0, "percent_statements_covered_display": "100"}, "missing_lines": [], "excluded_lines": []}}, "classes": {"": {"executed_lines": [1, 5, 6, 7, 8, 9, 10, 17, 18, 19, 20, 22, 23, 26, 27, 123, 124, 213, 214, 226, 228, 230, 240, 244, 245, 253, 256, 257, 340, 341, 383, 384, 445, 446], "summary": {"covered_lines": 33, "num_statements": 239, "percent_covered": 13.807531380753138, "percent_covered_display": "14", "missing_lines": 206, "excluded_lines": 0, "percent_statements_covered": 13.807531380753138, "percent_statements_covered_display": "14"}, "missing_lines": [51, 52, 54, 56, 60, 61, 71, 75, 76, 86, 100, 101, 102, 104, 105, 107, 109, 110, 111, 112, 113, 144, 145, 147, 149, 152, 153, 160, 161, 163, 164, 167, 168, 169, 175, 176, 177, 178, 180, 183, 184, 185, 186, 188, 191, 194, 195, 197, 198, 200, 205, 206, 207, 231, 232, 271, 272, 274, 276, 277, 278, 283, 285, 289, 290, 296, 297, 300, 301, 307, 308, 311, 312, 318, 319, 320, 322, 323, 325, 326, 328, 330, 331, 332, 333, 334, 355, 357, 358, 359, 360, 365, 369, 370, 375, 376, 378, 380, 396, 398, 400, 401, 402, 403, 409, 413, 414, 420, 424, 463, 464, 465, 467, 468, 471, 472, 477, 478, 479, 487, 489, 491, 492, 494, 496, 499, 506, 507, 508, 509, 510, 511, 512, 513, 514, 515, 524, 527, 528, 538, 539, 541, 543, 544, 548, 549, 550, 552, 553, 557, 558, 559, 561, 562, 566, 567, 568, 570, 571, 572, 575, 579, 580, 582, 583, 584, 585, 586, 587, 589, 590, 591, 592, 594, 596, 598, 602, 603, 604, 607, 619, 620, 621, 622, 624, 626, 627, 629, 630, 631, 633, 634, 635, 639, 640, 641, 642, 644, 645, 647, 649, 666, 667, 671, 672, 673], "excluded_lines": []}}}, "app/schemas.py": {"executed_lines": [1, 2, 3, 4, 5, 7, 8, 9, 10, 11, 12, 13, 14, 16, 17, 28, 29, 30, 31, 33, 34, 35, 36, 37, 38, 39, 40, 41, 43, 44, 45, 46, 47, 48, 49, 51, 52, 53, 54, 55, 57, 58, 59, 61, 62, 63, 64, 65, 66, 68, 69, 79, 80, 81, 82, 83, 84, 85, 86, 89, 90, 91, 92, 95, 96, 97, 100, 105, 106, 134, 135, 136, 137, 138, 139, 140, 147, 148, 149, 150, 151, 152, 155, 156, 157, 158, 159, 160, 161, 162, 163, 164, 167, 168, 169, 170, 173, 174, 175, 176, 177, 178, 180, 181, 182, 183, 185, 186, 187, 190, 192, 193, 211, 212, 213, 214, 215, 216, 217, 219, 220, 221, 222, 224, 225, 227, 228, 229, 231, 232, 234, 235, 238, 239, 240, 241, 242, 244, 245, 247, 248, 250, 251, 252, 254, 255, 271, 272, 273, 274, 275, 276, 277, 280, 281, 282, 283, 285, 286, 294, 295, 296, 297, 298, 299, 300, 301, 302, 303, 304, 305, 306, 307, 308, 309, 310, 313, 314, 315, 316, 319, 320, 321, 322, 323, 324, 325, 326, 327, 328, 329, 330, 331, 332, 334, 335, 338, 339, 340, 341, 344, 345, 346, 347, 348, 349, 350, 351, 352, 353, 354, 355, 356, 359, 360, 361, 362, 369, 370, 371, 372, 373, 374, 375, 376, 377, 378, 379, 380, 381, 383, 384, 401, 402, 403, 404, 405, 406, 407, 408, 409, 410, 411, 412, 414, 415, 424, 425, 426, 427, 428, 429, 430, 431, 432, 433, 434, 435, 436, 437, 438, 439, 441, 442, 445, 446, 447, 448, 455, 456, 457, 458, 459, 460, 461, 462, 463, 464, 465, 466, 467, 469, 470, 486, 487, 488, 489, 490, 491, 492, 493, 494, 495, 496, 497, 500, 501, 502, 503, 504, 505, 506, 507, 508, 509, 510, 511, 512, 513, 514, 515, 516, 517, 519, 520, 523, 524, 525, 526], "summary": {"covered_lines": 295, "num_statements": 295, "percent_covered": 100.0, "percent_covered_display": "100", "missing_lines": 0, "excluded_lines": 0, "percent_statements_covered": 100.0, "percent_statements_covered_display": "100"}, "missing_lines": [], "excluded_lines": [], "functions": {"": {"executed_lines": [1, 2, 3, 4, 5, 7, 8, 9, 10, 11, 12, 13, 14, 16, 17, 28, 29, 30, 31, 33, 34, 35, 36, 37, 38, 39, 40, 41, 43, 44, 45, 46, 47, 48, 49, 51, 52, 53, 54, 55, 57, 58, 59, 61, 62, 63, 64, 65, 66, 68, 69, 79, 80, 81, 82, 83, 84, 85, 86, 89, 90, 91, 92, 95, 96, 97, 100, 105, 106, 134, 135, 136, 137, 138, 139, 140, 147, 148, 149, 150, 151, 152, 155, 156, 157, 158, 159, 160, 161, 162, 163, 164, 167, 168, 169, 170, 173, 174, 175, 176, 177, 178, 180, 181, 182, 183, 185, 186, 187, 190, 192, 193, 211, 212, 213, 214, 215, 216, 217, 219, 220, 221, 222, 224, 225, 227, 228, 229, 231, 232, 234, 235, 238, 239, 240, 241, 242, 244, 245, 247, 248, 250, 251, 252, 254, 255, 271, 272, 273, 274, 275, 276, 277, 280, 281, 282, 283, 285, 286, 294, 295, 296, 297, 298, 299, 300, 301, 302, 303, 304, 305, 306, 307, 308, 309, 310, 313, 314, 315, 316, 319, 320, 321, 322, 323, 324, 325, 326, 327, 328, 329, 330, 331, 332, 334, 335, 338, 339, 340, 341, 344, 345, 346, 347, 348, 349, 350, 351, 352, 353, 354, 355, 356, 359, 360, 361, 362, 369, 370, 371, 372, 373, 374, 375, 376, 377, 378, 379, 380, 381, 383, 384, 401, 402, 403, 404, 405, 406, 407, 408, 409, 410, 411, 412, 414, 415, 424, 425, 426, 427, 428, 429, 430, 431, 432, 433, 434, 435, 436, 437, 438, 439, 441, 442, 445, 446, 447, 448, 455, 456, 457, 458, 459, 460, 461, 462, 463, 464, 465, 466, 467, 469, 470, 486, 487, 488, 489, 490, 491, 492, 493, 494, 495, 496, 497, 500, 501, 502, 503, 504, 505, 506, 507, 508, 509, 510, 511, 512, 513, 514, 515, 516, 517, 519, 520, 523, 524, 525, 526], "summary": {"covered_lines": 295, "num_statements": 295, "percent_covered": 100.0, "percent_covered_display": "100", "missing_lines": 0, "excluded_lines": 0, "percent_statements_covered": 100.0, "percent_statements_covered_display": "100"}, "missing_lines": [], "excluded_lines": []}}, "classes": {"BodegaInfo": {"executed_lines": [], "summary": {"covered_lines": 0, "num_statements": 0, "percent_covered": 100.0, "percent_covered_display": "100", "missing_lines": 0, "excluded_lines": 0, "percent_statements_covered": 100.0, "percent_statements_covered_display": "100"}, "missing_lines": [], "excluded_lines": []}, "BodegaInfo.Config": {"executed_lines": [], "summary": {"covered_lines": 0, "num_statements": 0, "percent_covered": 100.0, "percent_covered_display": "100", "missing_lines": 0, "excluded_lines": 0, "percent_statements_covered": 100.0, "percent_statements_covered_display": "100"}, "missing_lines": [], "excluded_lines": []}, "InventarioResumen": {"executed_lines": [], "summary": {"covered_lines": 0, "num_statements": 0, "percent_covered": 100.0, "percent_covered_display": "100", "missing_lines": 0, "excluded_lines": 0, "percent_statements_covered": 100.0, "percent_statements_covered_display": "100"}, "missing_lines": [], "excluded_lines": []}, "Product": {"executed_lines": [], "summary": {"covered_lines": 0, "num_statements": 0, "percent_covered": 100.0, "percent_covered_display": "100", "missing_lines": 0, "excluded_lines": 0, "percent_statements_covered": 100.0, "percent_statements_covered_display": "100"}, "missing_lines": [], "excluded_lines": []}, "StockItem": {"executed_lines": [], "summary": {"covered_lines": 0, "num_statements": 0, "percent_covered": 100.0, "percent_covered_display": "100", "missing_lines": 0, "excluded_lines": 0, "percent_statements_covered": 100.0, "percent_statements_covered_display": "100"}, "missing_lines": [], "excluded_lines": []}, "Meta": {"executed_lines": [], "summary": {"covered_lines": 0, "num_statements": 0, "percent_covered": 100.0, "percent_covered_display": "100", "missing_lines": 0, "excluded_lines": 0, "percent_statements_covered": 100.0, "percent_statements_covered_display": "100"}, "missing_lines": [], "excluded_lines": []}, "SearchResponse": {"executed_lines": [], "summary": {"covered_lines": 0, "num_statements": 0, "percent_covered": 100.0, "percent_covered_display": "100", "missing_lines": 0, "excluded_lines": 0, "percent_statements_covered": 100.0, "percent_statements_covered_display": "100"}, "missing_lines": [], "excluded_lines": []}, "BodegaInicial": {"executed_lines": [], "summary": {"covered_lines": 0, "num_statements": 0, "percent_covered": 100.0, "percent_covered_display": "100", "missing_lines": 0, "excluded_lines": 0, "percent_statements_covered": 100.0, "percent_statements_covered_display": "100"}, "missing_lines": [], "excluded_lines": []}, "BodegaInicial.Config": {"executed_lines": [], "summary": {"covered_lines": 0, "num_statements": 0, "percent_covered": 100.0, "percent_covered_display": "100", "missing_lines": 0, "excluded_lines": 0, "percent_statements_covered": 100.0, "percent_statements_covered_display": "100"}, "missing_lines": [], "excluded_lines": []}, "ProductCreate": {"executed_lines": [], "summary": {"covered_lines": 0, "num_statements": 0, "percent_covered": 100.0, "percent_covered_display": "100", "missing_lines": 0, "excluded_lines": 0, "percent_statements_covered": 100.0, "percent_statements_covered_display": "100"}, "missing_lines": [], "excluded_lines": []}, "ProductCreate.Config": {"executed_lines": [], "summary": {"covered_lines": 0, "num_statements": 0, "percent_covered": 100.0, "percent_covered_display": "100", "missing_lines": 0, "excluded_lines": 0, "percent_statements_covered": 100.0, "percent_statements_covered_display": "100"}, "missing_lines": [], "excluded_lines": []}, "ProductUpdate": {"executed_lines": [], "summary": {"covered_lines": 0, "num_statements": 0, "percent_covered": 100.0, "percent_covered_display": "100", "missing_lines": 0, "excluded_lines": 0, "percent_statements_covered": 100.0, "percent_statements_covered_display": "100"}, "missing_lines": [], "excluded_lines": []}, "TipoMovimiento": {"executed_lines": [], "summary": {"covered_lines": 0, "num_statements": 0, "percent_covered": 100.0, "percent_covered_display": "100", "missing_lines": 0, "excluded_lines": 0, "percent_statements_covered": 100.0, "percent_statements_covered_display": "100"}, "missing_lines": [], "excluded_lines": []}, "MotivoMovimiento": {"executed_lines": [], "summary": {"covered_lines": 0, "num_statements": 0, "percent_covered": 100.0, "percent_covered_display": "100", "missing_lines": 0, "excluded_lines": 0, "percent_statements_covered": 100.0, "percent_statements_covered_display": "100"}, "missing_lines": [], "excluded_lines": []}, "EstadoMovimiento": {"executed_lines": [], "summary": {"covered_lines": 0, "num_statements": 0, "percent_covered": 100.0, "percent_covered_display": "100", "missing_lines": 0, "excluded_lines": 0, "percent_statements_covered": 100.0, "percent_statements_covered_display": "100"}, "missing_lines": [], "excluded_lines": []}, "MovimientoCreate": {"executed_lines": [], "summary": {"covered_lines": 0, "num_statements": 0, "percent_covered": 100.0, "percent_covered_display": "100", "missing_lines": 0, "excluded_lines": 0, "percent_statements_covered": 100.0, "percent_statements_covered_display": "100"}, "missing_lines": [], "excluded_lines": []}, "MovimientoCreate.Config": {"executed_lines": [], "summary": {"covered_lines": 0, "num_statements": 0, "percent_covered": 100.0, "percent_covered_display": "100", "missing_lines": 0, "excluded_lines": 0, "percent_statements_covered": 100.0, "percent_statements_covered_display": "100"}, "missing_lines": [], "excluded_lines": []}, "MovimientoResponse": {"executed_lines": [], "summary": {"covered_lines": 0, "num_statements": 0, "percent_covered": 100.0, "percent_covered_display": "100", "missing_lines": 0, "excluded_lines": 0, "percent_statements_covered": 100.0, "percent_statements_covered_display": "100"}, "missing_lines": [], "excluded_lines": []}, "MovimientoResponse.Config": {"executed_lines": [], "summary": {"covered_lines": 0, "num_statements": 0, "percent_covered": 100.0, "percent_covered_display": "100", "missing_lines": 0, "excluded_lines": 0, "percent_statements_covered": 100.0, "percent_statements_covered_display": "100"}, "missing_lines": [], "excluded_lines": []}, "TransferenciaCreate": {"executed_lines": [], "summary": {"covered_lines": 0, "num_statements": 0, "percent_covered": 100.0, "percent_covered_display": "100", "missing_lines": 0, "excluded_lines": 0, "percent_statements_covered": 100.0, "percent_statements_covered_display": "100"}, "missing_lines": [], "excluded_lines": []}, "TransferenciaCreate.Config": {"executed_lines": [], "summary": {"covered_lines": 0, "num_statements": 0, "percent_covered": 100.0, "percent_covered_display": "100", "missing_lines": 0, "excluded_lines": 0, "percent_statements_covered": 100.0, "percent_statements_covered_display": "100"}, "missing_lines": [], "excluded_lines": []}, "TransferenciaResponse": {"executed_lines": [], "summary": {"covered_lines": 0, "num_statements": 0, "percent_covered": 100.0, "percent_covered_display": "100", "missing_lines": 0, "excluded_lines": 0, "percent_statements_covered": 100.0, "percent_statements_covered_display": "100"}, "missing_lines": [], "excluded_lines": []}, "AnularMovimientoRequest": {"executed_lines": [], "summary": {"covered_lines": 0, "num_statements": 0, "percent_covered": 100.0, "percent_covered_display": "100", "missing_lines": 0, "excluded_lines": 0, "percent_statements_covered": 100.0, "percent_statements_covered_display": "100"}, "missing_lines": [], "excluded_lines": []}, "AnularMovimientoRequest.Config": {"executed_lines": [], "summary": {"covered_lines": 0, "num_statements": 0, "percent_covered": 100.0, "percent_covered_display": "100", "missing_lines": 0, "excluded_lines": 0, "percent_statements_covered": 100.0, "percent_statements_covered_display": "100"}, "missing_lines": [], "excluded_lines": []}, "KardexItem": {"executed_lines": [], "summary": {"covered_lines": 0, "num_statements": 0, "percent_covered": 100.0, "percent_covered_display": "100", "missing_lines": 0, "excluded_lines": 0, "percent_statements_covered": 100.0, "percent_statements_covered_display": "100"}, "missing_lines": [], "excluded_lines": []}, "KardexResponse": {"executed_lines": [], "summary": {"covered_lines": 0, "num_statements": 0, "percent_covered": 100.0, "percent_covered_display": "100", "missing_lines": 0, "excluded_lines": 0, "percent_statements_covered": 100.0, "percent_statements_covered_display": "100"}, "missing_lines": [], "excluded_lines": []}, "AlertaResponse": {"executed_lines": [], "summary": {"covered_lines": 0, "num_statements": 0, "percent_covered": 100.0, "percent_covered_display": "100", "missing_lines": 0, "excluded_lines": 0, "percent_statements_covered": 100.0, "percent_statements_covered_display": "100"}, "missing_lines": [], "excluded_lines": []}, "AlertaResponse.Config": {"executed_lines": [], "summary": {"covered_lines": 0, "num_statements": 0, "percent_covered": 100.0, "percent_covered_display": "100", "missing_lines": 0, "excluded_lines": 0, "percent_statements_covered": 100.0, "percent_statements_covered_display": "100"}, "missing_lines": [], "excluded_lines": []}, "AlertasListResponse": {"executed_lines": [], "summary": {"covered_lines": 0, "num_statements": 0, "percent_covered": 100.0, "percent_covered_display": "100", "missing_lines": 0, "excluded_lines": 0, "percent_statements_covered": 100.0, "percent_statements_covered_display": "100"}, "missing_lines": [], "excluded_lines": []}, "SaldoBodega": {"executed_lines": [], "summary": {"covered_lines": 0, "num_statements": 0, "percent_covered": 100.0, "percent_covered_display": "100", "missing_lines": 0, "excluded_lines": 0, "percent_statements_covered": 100.0, "percent_statements_covered_display": "100"}, "missing_lines": [], "excluded_lines": []}, "ReporteSaldosResponse": {"executed_lines": [], "summary": {"covered_lines": 0, "num_statements": 0, "percent_covered": 100.0, "percent_covered_display": "100", "missing_lines": 0, "excluded_lines": 0, "percent_statements_covered": 100.0, "percent_statements_covered_display": "100"}, "missing_lines": [], "excluded_lines": []}, "ProveedorCreate": {"executed_lines": [], "summary": {"covered_lines": 0, "num_statements": 0, "percent_covered": 100.0, "percent_covered_display": "100", "missing_lines": 0, "excluded_lines": 0, "percent_statements_covered": 100.0, "percent_statements_covered_display": "100"}, "missing_lines": [], "excluded_lines": []}, "ProveedorCreate.Config": {"executed_lines": [], "summary": {"covered_lines": 0, "num_statements": 0, "percent_covered": 100.0, "percent_covered_display": "100", "missing_lines": 0, "excluded_lines": 0, "percent_statements_covered": 100.0, "percent_statements_covered_display": "100"}, "missing_lines": [], "excluded_lines": []}, "ProveedorUpdate": {"executed_lines": [], "summary": {"covered_lines": 0, "num_statements": 0, "percent_covered": 100.0, "percent_covered_display": "100", "missing_lines": 0, "excluded_lines": 0, "percent_statements_covered": 100.0, "percent_statements_covered_display": "100"}, "missing_lines": [], "excluded_lines": []}, "ProveedorUpdate.Config": {"executed_lines": [], "summary": {"covered_lines": 0, "num_statements": 0, "percent_covered": 100.0, "percent_covered_display": "100", "missing_lines": 0, "excluded_lines": 0, "percent_statements_covered": 100.0, "percent_statements_covered_display": "100"}, "missing_lines": [], "excluded_lines": []}, "ProveedorResponse": {"executed_lines": [], "summary": {"covered_lines": 0, "num_statements": 0, "percent_covered": 100.0, "percent_covered_display": "100", "missing_lines": 0, "excluded_lines": 0, "percent_statements_covered": 100.0, "percent_statements_covered_display": "100"}, "missing_lines": [], "excluded_lines": []}, "ProveedorResponse.Config": {"executed_lines": [], "summary": {"covered_lines": 0, "num_statements": 0, "percent_covered": 100.0, "percent_covered_display": "100", "missing_lines": 0, "excluded_lines": 0, "percent_statements_covered": 100.0, "percent_statements_covered_display": "100"}, "missing_lines": [], "excluded_lines": []}, "ProveedorListResponse": {"executed_lines": [], "summary": {"covered_lines": 0, "num_statements": 0, "percent_covered": 100.0, "percent_covered_display": "100", "missing_lines": 0, "excluded_lines": 0, "percent_statements_covered": 100.0, "percent_statements_covered_display": "100"}, "missing_lines": [], "excluded_lines": []}, "BodegaCreate": {"executed_lines": [], "summary": {"covered_lines": 0, "num_statements": 0, "percent_covered": 100.0, "percent_covered_display": "100", "missing_lines": 0, "excluded_lines": 0, "percent_statements_covered": 100.0, "percent_statements_covered_display": "100"}, "missing_lines": [], "excluded_lines": []}, "BodegaCreate.Config": {"executed_lines": [], "summary": {"covered_lines": 0, "num_statements": 0, "percent_covered": 100.0, "percent_covered_display": "100", "missing_lines": 0, "excluded_lines": 0, "percent_statements_covered": 100.0, "percent_statements_covered_display": "100"}, "missing_lines": [], "excluded_lines": []}, "BodegaUpdate": {"executed_lines": [], "summary": {"covered_lines": 0, "num_statements": 0, "percent_covered": 100.0, "percent_covered_display": "100", "missing_lines": 0, "excluded_lines": 0, "percent_statements_covered": 100.0, "percent_statements_covered_display": "100"}, "missing_lines": [], "excluded_lines": []}, "BodegaResponse": {"executed_lines": [], "summary": {"covered_lines": 0, "num_statements": 0, "percent_covered": 100.0, "percent_covered_display": "100", "missing_lines": 0, "excluded_lines": 0, "percent_statements_covered": 100.0, "percent_statements_covered_display": "100"}, "missing_lines": [], "excluded_lines": []}, "BodegaResponse.Config": {"executed_lines": [], "summary": {"covered_lines": 0, "num_statements": 0, "percent_covered": 100.0, "percent_covered_display": "100", "missing_lines": 0, "excluded_lines": 0, "percent_statements_covered": 100.0, "percent_statements_covered_display": "100"}, "missing_lines": [], "excluded_lines": []}, "BodegaListResponse": {"executed_lines": [], "summary": {"covered_lines": 0, "num_statements": 0, "percent_covered": 100.0, "percent_covered_display": "100", "missing_lines": 0, "excluded_lines": 0, "percent_statements_covered": 100.0, "percent_statements_covered_display": "100"}, "missing_lines": [], "excluded_lines": []}, "": {"executed_lines": [1, 2, 3, 4, 5, 7, 8, 9, 10, 11, 12, 13, 14, 16, 17, 28, 29, 30, 31, 33, 34, 35, 36, 37, 38, 39, 40, 41, 43, 44, 45, 46, 47, 48, 49, 51, 52, 53, 54, 55, 57, 58, 59, 61, 62, 63, 64, 65, 66, 68, 69, 79, 80, 81, 82, 83, 84, 85, 86, 89, 90, 91, 92, 95, 96, 97, 100, 105, 106, 134, 135, 136, 137, 138, 139, 140, 147, 148, 149, 150, 151, 152, 155, 156, 157, 158, 159, 160, 161, 162, 163, 164, 167, 168, 169, 170, 173, 174, 175, 176, 177, 178, 180, 181, 182, 183, 185, 186, 187, 190, 192, 193, 211, 212, 213, 214, 215, 216, 217, 219, 220, 221, 222, 224, 225, 227, 228, 229, 231, 232, 234, 235, 238, 239, 240, 241, 242, 244, 245, 247, 248, 250, 251, 252, 254, 255, 271, 272, 273, 274, 275, 276, 277, 280, 281, 282, 283, 285, 286, 294, 295, 296, 297, 298, 299, 300, 301, 302, 303, 304, 305, 306, 307, 308, 309, 310, 313, 314, 315, 316, 319, 320, 321, 322, 323, 324, 325, 326, 327, 328, 329, 330, 331, 332, 334, 335, 338, 339, 340, 341, 344, 345, 346, 347, 348, 349, 350, 351, 352, 353, 354, 355, 356, 359, 360, 361, 362, 369, 370, 371, 372, 373, 374, 375, 376, 377, 378, 379, 380, 381, 383, 384, 401, 402, 403, 404, 405, 406, 407, 408, 409, 410, 411, 412, 414, 415, 424, 425, 426, 427, 428, 429, 430, 431, 432, 433, 434, 435, 436, 437, 438, 439, 441, 442, 445, 446, 447, 448, 455, 456, 457, 458, 459, 460, 461, 462, 463, 464, 465, 466, 467, 469, 470, 486, 487, 488, 489, 490, 491, 492, 493, 494, 495, 496, 497, 500, 501, 502, 503, 504, 505, 506, 507, 508, 509, 510, 511, 512, 513, 514, 515, 516, 517, 519, 520, 523, 524, 525, 526], "summary": {"covered_lines": 295, "num_statements": 295, "percent_covered": 100.0, "percent_covered_display": "100", "missing_lines": 0, "excluded_lines": 0, "percent_statements_covered": 100.0, "percent_statements_covered_display": "100"}, "missing_lines": [], "excluded_lines": []}}}, "app/services/__init__.py": {"executed_lines": [0], "summary": {"covered_lines": 0, "num_statements": 0, "percent_covered": 100.0, "percent_covered_display": "100", "missing_lines": 0, "excluded_lines": 0, "percent_statements_covered": 100.0, "percent_statements_covered_display": "100"}, "missing_lines": [], "excluded_lines": [], "functions": {"": {"executed_lines": [], "summary": {"covered_lines": 0, "num_statements": 0, "percent_covered": 100.0, "percent_covered_display": "100", "missing_lines": 0, "excluded_lines": 0, "percent_statements_covered": 100.0, "percent_statements_covered_display": "100"}, "missing_lines": [], "excluded_lines": []}}, "classes": {"": {"executed_lines": [], "summary": {"covered_lines": 0, "num_statements": 0, "percent_covered": 100.0, "percent_covered_display": "100", "missing_lines": 0, "excluded_lines": 0, "percent_statements_covered": 100.0, "percent_statements_covered_display": "100"}, "missing_lines": [], "excluded_lines": []}}}, "app/services/audit.py": {"executed_lines": [], "summary": {"covered_lines": 0, "num_statements": 7, "percent_covered": 0.0, "percent_covered_display": "0", "missing_lines": 7, "excluded_lines": 0, "percent_statements_covered": 0.0, "percent_statements_covered_display": "0"}, "missing_lines": [1, 2, 3, 4, 6, 8, 12], "excluded_lines": [], "functions": {"audit_log": {"executed_lines": [], "summary": {"covered_lines": 0, "num_statements": 2, "percent_covered": 0.0, "percent_covered_display": "0", "missing_lines": 2, "excluded_lines": 0, "percent_statements_covered": 0.0, "percent_statements_covered_display": "0"}, "missing_lines": [8, 12], "excluded_lines": []}, "": {"executed_lines": [], "summary": {"covered_lines": 0, "num_statements": 5, "percent_covered": 0.0, "percent_covered_display": "0", "missing_lines": 5, "excluded_lines": 0, "percent_statements_covered": 0.0, "percent_statements_covered_display": "0"}, "missing_lines": [1, 2, 3, 4, 6], "excluded_lines": []}}, "classes": {"": {"executed_lines": [], "summary": {"covered_lines": 0, "num_statements": 7, "percent_covered": 0.0, "percent_covered_display": "0", "missing_lines": 7, "excluded_lines": 0, "percent_statements_covered": 0.0, "percent_statements_covered_display": "0"}, "missing_lines": [1, 2, 3, 4, 6, 8, 12], "excluded_lines": []}}}, "app/services/inventario_service.py": {"executed_lines": [1, 13, 14, 15, 16, 17, 21, 22, 23, 24, 27, 29, 32, 33, 43, 44, 111, 112, 176, 177, 376, 377, 438, 439, 531, 532, 651, 652], "summary": {"covered_lines": 26, "num_statements": 158, "percent_covered": 16.455696202531644, "percent_covered_display": "16", "missing_lines": 132, "excluded_lines": 0, "percent_statements_covered": 16.455696202531644, "percent_statements_covered_display": "16"}, "missing_lines": [70, 74, 75, 85, 86, 87, 88, 98, 99, 109, 141, 143, 146, 155, 156, 157, 160, 161, 164, 173, 174, 204, 210, 220, 224, 225, 226, 236, 237, 238, 247, 252, 257, 266, 269, 270, 271, 273, 274, 277, 278, 282, 298, 314, 317, 324, 332, 334, 338, 339, 342, 343, 359, 360, 361, 374, 391, 396, 406, 407, 409, 411, 413, 415, 416, 418, 419, 422, 426, 435, 436, 464, 467, 468, 481, 482, 483, 486, 487, 500, 501, 502, 508, 509, 522, 523, 524, 529, 552, 557, 560, 576, 577, 581, 582, 583, 592, 593, 595, 612, 613, 616, 617, 619, 621, 628, 632, 633, 634, 649, 678, 681, 685, 686, 694, 695, 706, 707, 717, 722, 738, 741, 742, 743, 744, 746, 748, 752, 756, 757, 758, 770], "excluded_lines": [], "functions": {"InventarioService.validar_producto_lote_vencimiento": {"executed_lines": [], "summary": {"covered_lines": 0, "num_statements": 10, "percent_covered": 0.0, "percent_covered_display": "0", "missing_lines": 10, "excluded_lines": 0, "percent_statements_covered": 0.0, "percent_statements_covered_display": "0"}, "missing_lines": [70, 74, 75, 85, 86, 87, 88, 98, 99, 109], "excluded_lines": []}, "InventarioService.obtener_saldo_actual": {"executed_lines": [], "summary": {"covered_lines": 0, "num_statements": 11, "percent_covered": 0.0, "percent_covered_display": "0", "missing_lines": 11, "excluded_lines": 0, "percent_statements_covered": 0.0, "percent_statements_covered_display": "0"}, "missing_lines": [141, 143, 146, 155, 156, 157, 160, 161, 164, 173, 174], "excluded_lines": []}, "InventarioService.registrar_movimiento": {"executed_lines": [], "summary": {"covered_lines": 0, "num_statements": 35, "percent_covered": 0.0, "percent_covered_display": "0", "missing_lines": 35, "excluded_lines": 0, "percent_statements_covered": 0.0, "percent_statements_covered_display": "0"}, "missing_lines": [204, 210, 220, 224, 225, 226, 236, 237, 238, 247, 252, 257, 266, 269, 270, 271, 273, 274, 277, 278, 282, 298, 314, 317, 324, 332, 334, 338, 339, 342, 343, 359, 360, 361, 374], "excluded_lines": []}, "InventarioService.actualizar_inventario": {"executed_lines": [], "summary": {"covered_lines": 0, "num_statements": 15, "percent_covered": 0.0, "percent_covered_display": "0", "missing_lines": 15, "excluded_lines": 0, "percent_statements_covered": 0.0, "percent_statements_covered_display": "0"}, "missing_lines": [391, 396, 406, 407, 409, 411, 413, 415, 416, 418, 419, 422, 426, 435, 436], "excluded_lines": []}, "InventarioService.verificar_alertas": {"executed_lines": [], "summary": {"covered_lines": 0, "num_statements": 17, "percent_covered": 0.0, "percent_covered_display": "0", "missing_lines": 17, "excluded_lines": 0, "percent_statements_covered": 0.0, "percent_statements_covered_display": "0"}, "missing_lines": [464, 467, 468, 481, 482, 483, 486, 487, 500, 501, 502, 508, 509, 522, 523, 524, 529], "excluded_lines": []}, "InventarioService.registrar_transferencia": {"executed_lines": [], "summary": {"covered_lines": 0, "num_statements": 22, "percent_covered": 0.0, "percent_covered_display": "0", "missing_lines": 22, "excluded_lines": 0, "percent_statements_covered": 0.0, "percent_statements_covered_display": "0"}, "missing_lines": [552, 557, 560, 576, 577, 581, 582, 583, 592, 593, 595, 612, 613, 616, 617, 619, 621, 628, 632, 633, 634, 649], "excluded_lines": []}, "InventarioService.anular_movimiento": {"executed_lines": [], "summary": {"covered_lines": 0, "num_statements": 22, "percent_covered": 0.0, "percent_covered_display": "0", "missing_lines": 22, "excluded_lines": 0, "percent_statements_covered": 0.0, "percent_statements_covered_display": "0"}, "missing_lines": [678, 681, 685, 686, 694, 695, 706, 707, 717, 722, 738, 741, 742, 743, 744, 746, 748, 752, 756, 757, 758, 770], "excluded_lines": []}, "": {"executed_lines": [1, 13, 14, 15, 16, 17, 21, 22, 23, 24, 27, 29, 32, 33, 43, 44, 111, 112, 176, 177, 376, 377, 438, 439, 531, 532, 651, 652], "summary": {"covered_lines": 26, "num_statements": 26, "percent_covered": 100.0, "percent_covered_display": "100", "missing_lines": 0, "excluded_lines": 0, "percent_statements_covered": 100.0, "percent_statements_covered_display": "100"}, "missing_lines": [], "excluded_lines": []}}, "classes": {"InventarioService": {"executed_lines": [], "summary": {"covered_lines": 0, "num_statements": 132, "percent_covered": 0.0, "percent_covered_display": "0", "missing_lines": 132, "excluded_lines": 0, "percent_statements_covered": 0.0, "percent_statements_covered_display": "0"}, "missing_lines": [70, 74, 75, 85, 86, 87, 88, 98, 99, 109, 141, 143, 146, 155, 156, 157, 160, 161, 164, 173, 174, 204, 210, 220, 224, 225, 226, 236, 237, 238, 247, 252, 257, 266, 269, 270, 271, 273, 274, 277, 278, 282, 298, 314, 317, 324, 332, 334, 338, 339, 342, 343, 359, 360, 361, 374, 391, 396, 406, 407, 409, 411, 413, 415, 416, 418, 419, 422, 426, 435, 436, 464, 467, 468, 481, 482, 483, 486, 487, 500, 501, 502, 508, 509, 522, 523, 524, 529, 552, 557, 560, 576, 577, 581, 582, 583, 592, 593, 595, 612, 613, 616, 617, 619, 621, 628, 632, 633, 634, 649, 678, 681, 685, 686, 694, 695, 706, 707, 717, 722, 738, 741, 742, 743, 744, 746, 748, 752, 756, 757, 758, 770], "excluded_lines": []}, "": {"executed_lines": [1, 13, 14, 15, 16, 17, 21, 22, 23, 24, 27, 29, 32, 33, 43, 44, 111, 112, 176, 177, 376, 377, 438, 439, 531, 532, 651, 652], "summary": {"covered_lines": 26, "num_statements": 26, "percent_covered": 100.0, "percent_covered_display": "100", "missing_lines": 0, "excluded_lines": 0, "percent_statements_covered": 100.0, "percent_statements_covered_display": "100"}, "missing_lines": [], "excluded_lines": []}}}, "app/services/sqs_publisher.py": {"executed_lines": [1, 5, 6, 7, 8, 9, 10, 11, 12, 14, 17, 18, 28, 64, 76, 86, 169, 210, 255, 292, 329, 332], "summary": {"covered_lines": 20, "num_statements": 66, "percent_covered": 30.303030303030305, "percent_covered_display": "30", "missing_lines": 46, "excluded_lines": 0, "percent_statements_covered": 30.303030303030305, "percent_statements_covered_display": "30"}, "missing_lines": [42, 43, 44, 46, 47, 48, 49, 51, 54, 58, 59, 60, 61, 62, 72, 73, 74, 83, 84, 107, 108, 109, 111, 113, 114, 122, 123, 125, 129, 130, 133, 150, 151, 153, 155, 159, 161, 163, 167, 192, 233, 276, 312, 340, 341, 343], "excluded_lines": [], "functions": {"SQSPublisher.__init__": {"executed_lines": [], "summary": {"covered_lines": 0, "num_statements": 14, "percent_covered": 0.0, "percent_covered_display": "0", "missing_lines": 14, "excluded_lines": 0, "percent_statements_covered": 0.0, "percent_statements_covered_display": "0"}, "missing_lines": [42, 43, 44, 46, 47, 48, 49, 51, 54, 58, 59, 60, 61, 62], "excluded_lines": []}, "SQSPublisher._generate_message_id": {"executed_lines": [], "summary": {"covered_lines": 0, "num_statements": 3, "percent_covered": 0.0, "percent_covered_display": "0", "missing_lines": 3, "excluded_lines": 0, "percent_statements_covered": 0.0, "percent_statements_covered_display": "0"}, "missing_lines": [72, 73, 74], "excluded_lines": []}, "SQSPublisher._generate_group_id": {"executed_lines": [], "summary": {"covered_lines": 0, "num_statements": 2, "percent_covered": 0.0, "percent_covered_display": "0", "missing_lines": 2, "excluded_lines": 0, "percent_statements_covered": 0.0, "percent_statements_covered_display": "0"}, "missing_lines": [83, 84], "excluded_lines": []}, "SQSPublisher.publish_event": {"executed_lines": [], "summary": {"covered_lines": 0, "num_statements": 20, "percent_covered": 0.0, "percent_covered_display": "0", "missing_lines": 20, "excluded_lines": 0, "percent_statements_covered": 0.0, "percent_statements_covered_display": "0"}, "missing_lines": [107, 108, 109, 111, 113, 114, 122, 123, 125, 129, 130, 133, 150, 151, 153, 155, 159, 161, 163, 167], "excluded_lines": []}, "SQSPublisher.publish_movement_created": {"executed_lines": [], "summary": {"covered_lines": 0, "num_statements": 1, "percent_covered": 0.0, "percent_covered_display": "0", "missing_lines": 1, "excluded_lines": 0, "percent_statements_covered": 0.0, "percent_statements_covered_display": "0"}, "missing_lines": [192], "excluded_lines": []}, "SQSPublisher.publish_transfer_completed": {"executed_lines": [], "summary": {"covered_lines": 0, "num_statements": 1, "percent_covered": 0.0, "percent_covered_display": "0", "missing_lines": 1, "excluded_lines": 0, "percent_statements_covered": 0.0, "percent_statements_covered_display": "0"}, "missing_lines": [233], "excluded_lines": []}, "SQSPublisher.publish_alert_created": {"executed_lines": [], "summary": {"covered_lines": 0, "num_statements": 1, "percent_covered": 0.0, "percent_covered_display": "0", "missing_lines": 1, "excluded_lines": 0, "percent_statements_covered": 0.0, "percent_statements_covered_display": "0"}, "missing_lines": [276], "excluded_lines": []}, "SQSPublisher.publish_movement_cancelled": {"executed_lines": [], "summary": {"covered_lines": 0, "num_statements": 1, "percent_covered": 0.0, "percent_covered_display": "0", "missing_lines": 1, "excluded_lines": 0, "percent_statements_covered": 0.0, "percent_statements_covered_display": "0"}, "missing_lines": [312], "excluded_lines": []}, "get_sqs_publisher": {"executed_lines": [], "summary": {"covered_lines": 0, "num_statements": 3, "percent_covered": 0.0, "percent_covered_display": "0", "missing_lines": 3, "excluded_lines": 0, "percent_statements_covered": 0.0, "percent_statements_covered_display": "0"}, "missing_lines": [340, 341, 343], "excluded_lines": []}, "": {"executed_lines": [1, 5, 6, 7, 8, 9, 10, 11, 12, 14, 17, 18, 28, 64, 76, 86, 169, 210, 255, 292, 329, 332], "summary": {"covered_lines": 20, "num_statements": 20, "percent_covered": 100.0, "percent_covered_display": "100", "missing_lines": 0, "excluded_lines": 0, "percent_statements_covered": 100.0, "percent_statements_covered_display": "100"}, "missing_lines": [], "excluded_lines": []}}, "classes": {"SQSPublisher": {"executed_lines": [], "summary": {"covered_lines": 0, "num_statements": 43, "percent_covered": 0.0, "percent_covered_display": "0", "missing_lines": 43, "excluded_lines": 0, "percent_statements_covered": 0.0, "percent_statements_covered_display": "0"}, "missing_lines": [42, 43, 44, 46, 47, 48, 49, 51, 54, 58, 59, 60, 61, 62, 72, 73, 74, 83, 84, 107, 108, 109, 111, 113, 114, 122, 123, 125, 129, 130, 133, 150, 151, 153, 155, 159, 161, 163, 167, 192, 233, 276, 312], "excluded_lines": []}, "": {"executed_lines": [1, 5, 6, 7, 8, 9, 10, 11, 12, 14, 17, 18, 28, 64, 76, 86, 169, 210, 255, 292, 329, 332], "summary": {"covered_lines": 20, "num_statements": 23, "percent_covered": 86.95652173913044, "percent_covered_display": "87", "missing_lines": 3, "excluded_lines": 0, "percent_statements_covered": 86.95652173913044, "percent_statements_covered_display": "87"}, "missing_lines": [340, 341, 343], "excluded_lines": []}}}, "app/websockets/ws_catalog_router.py": {"executed_lines": [2, 3, 4, 5, 6, 7, 8, 9, 12, 13, 15, 16], "summary": {"covered_lines": 12, "num_statements": 81, "percent_covered": 14.814814814814815, "percent_covered_display": "15", "missing_lines": 69, "excluded_lines": 0, "percent_statements_covered": 14.814814814814815, "percent_statements_covered_display": "15"}, "missing_lines": [43, 45, 46, 47, 48, 49, 50, 51, 53, 56, 67, 70, 71, 72, 73, 74, 75, 76, 77, 78, 79, 80, 81, 83, 84, 86, 88, 101, 102, 103, 117, 118, 123, 125, 127, 129, 140, 141, 144, 145, 146, 147, 153, 154, 156, 162, 163, 164, 166, 169, 170, 171, 172, 173, 174, 175, 177, 178, 179, 180, 181, 183, 184, 185, 186, 187, 188, 189, 190], "excluded_lines": [], "functions": {"catalog_websocket": {"executed_lines": [], "summary": {"covered_lines": 0, "num_statements": 69, "percent_covered": 0.0, "percent_covered_display": "0", "missing_lines": 69, "excluded_lines": 0, "percent_statements_covered": 0.0, "percent_statements_covered_display": "0"}, "missing_lines": [43, 45, 46, 47, 48, 49, 50, 51, 53, 56, 67, 70, 71, 72, 73, 74, 75, 76, 77, 78, 79, 80, 81, 83, 84, 86, 88, 101, 102, 103, 117, 118, 123, 125, 127, 129, 140, 141, 144, 145, 146, 147, 153, 154, 156, 162, 163, 164, 166, 169, 170, 171, 172, 173, 174, 175, 177, 178, 179, 180, 181, 183, 184, 185, 186, 187, 188, 189, 190], "excluded_lines": []}, "": {"executed_lines": [2, 3, 4, 5, 6, 7, 8, 9, 12, 13, 15, 16], "summary": {"covered_lines": 12, "num_statements": 12, "percent_covered": 100.0, "percent_covered_display": "100", "missing_lines": 0, "excluded_lines": 0, "percent_statements_covered": 100.0, "percent_statements_covered_display": "100"}, "missing_lines": [], "excluded_lines": []}}, "classes": {"": {"executed_lines": [2, 3, 4, 5, 6, 7, 8, 9, 12, 13, 15, 16], "summary": {"covered_lines": 12, "num_statements": 81, "percent_covered": 14.814814814814815, "percent_covered_display": "15", "missing_lines": 69, "excluded_lines": 0, "percent_statements_covered": 14.814814814814815, "percent_statements_covered_display": "15"}, "missing_lines": [43, 45, 46, 47, 48, 49, 50, 51, 53, 56, 67, 70, 71, 72, 73, 74, 75, 76, 77, 78, 79, 80, 81, 83, 84, 86, 88, 101, 102, 103, 117, 118, 123, 125, 127, 129, 140, 141, 144, 145, 146, 147, 153, 154, 156, 162, 163, 164, 166, 169, 170, 171, 172, 173, 174, 175, 177, 178, 179, 180, 181, 183, 184, 185, 186, 187, 188, 189, 190], "excluded_lines": []}}}}, "totals": {"covered_lines": 672, "num_statements": 1559, "percent_covered": 43.10455420141116, "percent_covered_display": "43", "missing_lines": 887, "excluded_lines": 19, "percent_statements_covered": 43.10455420141116, "percent_statements_covered_display": "43"}}